# JRE version: Java(TM) SE Runtime Environment (8.0_144-b01) (build 1.8.0_144-b01)
# Java VM: Java HotSpot(TM) 64-Bit Server VM (25.144-b01 mixed mode windows-amd64 compressed oops)
Heap:
 PSYoungGen      total 153600K, used 140841K [0x000000076b000000, 0x00000007c0000000, 0x00000007c0000000)
  eden space 153088K, 92% used [0x000000076b000000,0x000000077398a4e0,0x0000000774580000)
  from space 512K, 0% used [0x00000007bff80000,0x00000007bff80000,0x00000007c0000000)
  to   space 512K, 0% used [0x00000007bff00000,0x00000007bff00000,0x00000007bff80000)
 ParOldGen       total 175104K, used 448K [0x00000006c1000000, 0x00000006cbb00000, 0x000000076b000000)
  object space 175104K, 0% used [0x00000006c1000000,0x00000006c1070090,0x00000006cbb00000)
 Metaspace       used 2707K, capacity 4562K, committed 4864K, reserved 1056768K
  class space    used 302K, capacity 386K, committed 512K, reserved 1048576K
GC Heap History (10 events):
Event: 38339.728 GC heap before
{Heap before GC invocations=639856 (full 0):
 PSYoungGen      total 76288K, used 75808K [0x000000076b000000, 0x00000007c0000000, 0x00000007c0000000)
  eden space 75776K, 100% used [0x000000076b000000,0x000000076fa00000,0x000000076fa00000)
  from space 512K, 6% used [0x00000007bff00000,0x00000007bff08000,0x00000007bff80000)
  to   space 512K, 0% used [0x00000007bff80000,0x00000007bff80000,0x00000007c0000000)
 ParOldGen       total 175104K, used 448K [0x00000006c1000000, 0x00000006cbb00000, 0x000000076b000000)
  object space 175104K, 0% used [0x00000006c1000000,0x00000006c1070090,0x00000006cbb00000)
 Metaspace       used 2707K, capacity 4562K, committed 4864K, reserved 1056768K
  class space    used 302K, capacity 386K, committed 512K, reserved 1048576K
Event: 38339.730 GC heap after
Heap after GC invocations=639856 (full 0):
 PSYoungGen      total 91648K, used 32K [0x000000076b000000, 0x00000007c0000000, 0x00000007c0000000)
  eden space 91136K, 0% used [0x000000076b000000,0x000000076b000000,0x0000000770900000)
  from space 512K, 6% used [0x00000007bff80000,0x00000007bff88000,0x00000007c0000000)
  to   space 512K, 0% used [0x00000007bff00000,0x00000007bff00000,0x00000007bff80000)
 ParOldGen       total 175104K, used 448K [0x00000006c1000000, 0x00000006cbb00000, 0x000000076b000000)
  object space 175104K, 0% used [0x00000006c1000000,0x00000006c1070090,0x00000006cbb00000)
 Metaspace       used 2707K, capacity 4562K, committed 4864K, reserved 1056768K
  class space    used 302K, capacity 386K, committed 512K, reserved 1048576K
}
Event: 38339.767 GC heap before
{Heap before GC invocations=639857 (full 0):
 PSYoungGen      total 91648K, used 91168K [0x000000076b000000, 0x00000007c0000000, 0x00000007c0000000)
  eden space 91136K, 100% used [0x000000076b000000,0x0000000770900000,0x0000000770900000)
  from space 512K, 6% used [0x00000007bff80000,0x00000007bff88000,0x00000007c0000000)
  to   space 512K, 0% used [0x00000007bff00000,0x00000007bff00000,0x00000007bff80000)
 ParOldGen       total 175104K, used 448K [0x00000006c1000000, 0x00000006cbb00000, 0x000000076b000000)
  object space 175104K, 0% used [0x00000006c1000000,0x00000006c1070090,0x00000006cbb00000)
 Metaspace       used 2707K, capacity 4562K, committed 4864K, reserved 1056768K
  class space    used 302K, capacity 386K, committed 512K, reserved 1048576K
Event: 38339.767 GC heap after
Heap after GC invocations=639857 (full 0):
 PSYoungGen      total 110080K, used 32K [0x000000076b000000, 0x00000007c0000000, 0x00000007c0000000)
  eden space 109568K, 0% used [0x000000076b000000,0x000000076b000000,0x0000000771b00000)
  from space 512K, 6% used [0x00000007bff00000,0x00000007bff08000,0x00000007bff80000)
  to   space 512K, 0% used [0x00000007bff80000,0x00000007bff80000,0x00000007c0000000)
 ParOldGen       total 175104K, used 448K [0x00000006c1000000, 0x00000006cbb00000, 0x000000076b000000)
  object space 175104K, 0% used [0x00000006c1000000,0x00000006c1070090,0x00000006cbb00000)
 Metaspace       used 2707K, capacity 4562K, committed 4864K, reserved 1056768K
  class space    used 302K, capacity 386K, committed 512K, reserved 1048576K
}
Event: 38339.811 GC heap before
{Heap before GC invocations=639858 (full 0):
 PSYoungGen      total 110080K, used 109600K [0x000000076b000000, 0x00000007c0000000, 0x00000007c0000000)
  eden space 109568K, 100% used [0x000000076b000000,0x0000000771b00000,0x0000000771b00000)
  from space 512K, 6% used [0x00000007bff00000,0x00000007bff08000,0x00000007bff80000)
  to   space 512K, 0% used [0x00000007bff80000,0x00000007bff80000,0x00000007c0000000)
 ParOldGen       total 175104K, used 448K [0x00000006c1000000, 0x00000006cbb00000, 0x000000076b000000)
  object space 175104K, 0% used [0x00000006c1000000,0x00000006c1070090,0x00000006cbb00000)
 Metaspace       used 2707K, capacity 4562K, committed 4864K, reserved 1056768K
  class space    used 302K, capacity 386K, committed 512K, reserved 1048576K
Event: 38339.811 GC heap after
Heap after GC invocations=639858 (full 0):
 PSYoungGen      total 132096K, used 32K [0x000000076b000000, 0x00000007c0000000, 0x00000007c0000000)
  eden space 131584K, 0% used [0x000000076b000000,0x000000076b000000,0x0000000773080000)
  from space 512K, 6% used [0x00000007bff80000,0x00000007bff88000,0x00000007c0000000)
  to   space 512K, 0% used [0x00000007bff00000,0x00000007bff00000,0x00000007bff80000)
 ParOldGen       total 175104K, used 448K [0x00000006c1000000, 0x00000006cbb00000, 0x000000076b000000)
  object space 175104K, 0% used [0x00000006c1000000,0x00000006c1070090,0x00000006cbb00000)
 Metaspace       used 2707K, capacity 4562K, committed 4864K, reserved 1056768K
  class space    used 302K, capacity 386K, committed 512K, reserved 1048576K
}
Event: 38339.863 GC heap before
{Heap before GC invocations=639859 (full 0):
 PSYoungGen      total 132096K, used 131616K [0x000000076b000000, 0x00000007c0000000, 0x00000007c0000000)
  eden space 131584K, 100% used [0x000000076b000000,0x0000000773080000,0x0000000773080000)
  from space 512K, 6% used [0x00000007bff80000,0x00000007bff88000,0x00000007c0000000)
  to   space 512K, 0% used [0x00000007bff00000,0x00000007bff00000,0x00000007bff80000)
 ParOldGen       total 175104K, used 448K [0x00000006c1000000, 0x00000006cbb00000, 0x000000076b000000)
  object space 175104K, 0% used [0x00000006c1000000,0x00000006c1070090,0x00000006cbb00000)
 Metaspace       used 2707K, capacity 4562K, committed 4864K, reserved 1056768K
  class space    used 302K, capacity 386K, committed 512K, reserved 1048576K
Event: 38339.863 GC heap after
Heap after GC invocations=639859 (full 0):
 PSYoungGen      total 128000K, used 32K [0x000000076b000000, 0x00000007c0000000, 0x00000007c0000000)
  eden space 127488K, 0% used [0x000000076b000000,0x000000076b000000,0x0000000772c80000)
  from space 512K, 6% used [0x00000007bff00000,0x00000007bff08000,0x00000007bff80000)
  to   space 512K, 0% used [0x00000007bff80000,0x00000007bff80000,0x00000007c0000000)
 ParOldGen       total 175104K, used 448K [0x00000006c1000000, 0x00000006cbb00000, 0x000000076b000000)
  object space 175104K, 0% used [0x00000006c1000000,0x00000006c1070090,0x00000006cbb00000)
 Metaspace       used 2707K, capacity 4562K, committed 4864K, reserved 1056768K
  class space    used 302K, capacity 386K, committed 512K, reserved 1048576K
}
Event: 38339.912 GC heap before
{Heap before GC invocations=639860 (full 0):
 PSYoungGen      total 128000K, used 127520K [0x000000076b000000, 0x00000007c0000000, 0x00000007c0000000)
  eden space 127488K, 100% used [0x000000076b000000,0x0000000772c80000,0x0000000772c80000)
  from space 512K, 6% used [0x00000007bff00000,0x00000007bff08000,0x00000007bff80000)
  to   space 512K, 0% used [0x00000007bff80000,0x00000007bff80000,0x00000007c0000000)
 ParOldGen       total 175104K, used 448K [0x00000006c1000000, 0x00000006cbb00000, 0x000000076b000000)
  object space 175104K, 0% used [0x00000006c1000000,0x00000006c1070090,0x00000006cbb00000)
 Metaspace       used 2707K, capacity 4562K, committed 4864K, reserved 1056768K
  class space    used 302K, capacity 386K, committed 512K, reserved 1048576K
Event: 38339.913 GC heap after
Heap after GC invocations=639860 (full 0):
 PSYoungGen      total 153600K, used 0K [0x000000076b000000, 0x00000007c0000000, 0x00000007c0000000)
  eden space 153088K, 0% used [0x000000076b000000,0x000000076b000000,0x0000000774580000)
  from space 512K, 0% used [0x00000007bff80000,0x00000007bff80000,0x00000007c0000000)
  to   space 512K, 0% used [0x00000007bff00000,0x00000007bff00000,0x00000007bff80000)
 ParOldGen       total 175104K, used 448K [0x00000006c1000000, 0x00000006cbb00000, 0x000000076b000000)
  object space 175104K, 0% used [0x00000006c1000000,0x00000006c1070090,0x00000006cbb00000)
 Metaspace       used 2707K, capacity 4562K, committed 4864K, reserved 1056768K
  class space    used 302K, capacity 386K, committed 512K, reserved 1048576K
}

